{"contracts/exchange.sol":{"l":{"39":2,"54":1,"55":1,"58":1,"59":1,"60":1,"61":1,"63":1,"64":1,"65":1,"66":1,"70":1,"71":1,"77":0,"78":0,"79":0,"84":0,"105":1,"106":1,"109":1,"110":1,"113":1,"115":1,"116":1,"118":1,"121":1,"122":1,"123":1,"126":1,"129":1,"130":1,"133":1,"134":1,"136":1,"149":1,"150":1,"152":1,"153":1,"155":1,"156":1,"158":1,"159":1,"160":1,"161":1,"163":1,"164":1,"175":1,"176":1,"177":0,"191":0,"192":0,"193":0,"196":0,"198":0,"199":0,"201":0,"202":0,"204":0,"205":0,"221":1,"222":1,"224":1,"225":1,"227":1,"228":1,"229":1,"231":1,"233":1,"234":1,"238":3},"path":"/Users/kuruckopc/Desktop/BlockChain/zadanie2/kody/contracts/exchange.sol","s":{"1":2,"2":1,"3":1,"4":1,"5":1,"6":1,"7":1,"8":1,"9":1,"10":0,"11":0,"12":0,"13":1,"14":1,"15":1,"16":1,"17":1,"18":1,"19":1,"20":1,"21":1,"22":1,"23":1,"24":1,"25":1,"26":1,"27":1,"28":1,"29":1,"30":1,"31":1,"32":1,"33":1,"34":0,"35":0,"36":0,"37":0,"38":0,"39":0,"40":0,"41":0,"42":0,"43":1,"44":1,"45":1,"46":1,"47":1,"48":1,"49":1,"50":1,"51":3},"b":{"1":[1,0],"2":[1,0],"3":[1,0],"4":[1,0],"5":[1,0],"6":[1,0],"7":[0,0],"8":[1,0],"9":[1,0],"10":[1,0],"11":[1,0],"12":[1,0],"13":[1,0],"14":[1,0],"15":[1,0],"16":[1,0],"17":[1,0],"18":[1,0],"19":[0,1],"20":[0,0],"21":[0,0],"22":[0,0],"23":[1,0],"24":[1,0],"25":[1,0]},"f":{"1":3,"2":2,"3":1,"4":0,"5":0,"6":1,"7":1,"8":1,"9":0,"10":1,"11":3},"fnMap":{"1":{"name":"constructor","line":36,"loc":{"start":{"line":36,"column":4},"end":{"line":36,"column":57}}},"2":{"name":"lpOf","line":38,"loc":{"start":{"line":38,"column":4},"end":{"line":40,"column":4}}},"3":{"name":"createPool","line":49,"loc":{"start":{"line":46,"column":4},"end":{"line":72,"column":4}}},"4":{"name":"removeLP","line":76,"loc":{"start":{"line":76,"column":4},"end":{"line":80,"column":4}}},"5":{"name":"getSwapFee","line":83,"loc":{"start":{"line":83,"column":4},"end":{"line":85,"column":4}}},"6":{"name":"addLiquidity","line":100,"loc":{"start":{"line":100,"column":4},"end":{"line":138,"column":4}}},"7":{"name":"removeLiquidity","line":143,"loc":{"start":{"line":143,"column":4},"end":{"line":166,"column":4}}},"8":{"name":"removeAllLiquidity","line":170,"loc":{"start":{"line":170,"column":4},"end":{"line":178,"column":4}}},"9":{"name":"swapTokensForETH","line":186,"loc":{"start":{"line":186,"column":4},"end":{"line":209,"column":4}}},"10":{"name":"swapETHForTokens","line":216,"loc":{"start":{"line":216,"column":4},"end":{"line":235,"column":4}}},"11":{"name":"_currentRate","line":237,"loc":{"start":{"line":237,"column":4},"end":{"line":239,"column":4}}}},"statementMap":{"1":{"start":{"line":39,"column":8},"end":{"line":39,"column":23}},"2":{"start":{"line":54,"column":8},"end":{"line":54,"column":64}},"3":{"start":{"line":55,"column":8},"end":{"line":55,"column":61}},"4":{"start":{"line":58,"column":8},"end":{"line":58,"column":58}},"5":{"start":{"line":59,"column":8},"end":{"line":59,"column":54}},"6":{"start":{"line":60,"column":8},"end":{"line":60,"column":88}},"7":{"start":{"line":61,"column":8},"end":{"line":61,"column":64}},"8":{"start":{"line":63,"column":8},"end":{"line":63,"column":66}},"9":{"start":{"line":71,"column":8},"end":{"line":71,"column":36}},"10":{"start":{"line":77,"column":8},"end":{"line":77,"column":95}},"11":{"start":{"line":79,"column":8},"end":{"line":79,"column":25}},"12":{"start":{"line":84,"column":8},"end":{"line":84,"column":57}},"13":{"start":{"line":105,"column":8},"end":{"line":105,"column":44}},"14":{"start":{"line":106,"column":8},"end":{"line":106,"column":81}},"15":{"start":{"line":109,"column":8},"end":{"line":109,"column":34}},"16":{"start":{"line":110,"column":8},"end":{"line":110,"column":82}},"17":{"start":{"line":113,"column":8},"end":{"line":113,"column":71}},"18":{"start":{"line":115,"column":8},"end":{"line":115,"column":98}},"19":{"start":{"line":116,"column":8},"end":{"line":116,"column":80}},"20":{"start":{"line":118,"column":8},"end":{"line":118,"column":66}},"21":{"start":{"line":126,"column":8},"end":{"line":126,"column":5061}},"22":{"start":{"line":133,"column":8},"end":{"line":133,"column":5334}},"23":{"start":{"line":134,"column":12},"end":{"line":134,"column":40}},"24":{"start":{"line":149,"column":8},"end":{"line":149,"column":58}},"25":{"start":{"line":150,"column":8},"end":{"line":150,"column":55}},"26":{"start":{"line":152,"column":8},"end":{"line":152,"column":34}},"27":{"start":{"line":153,"column":8},"end":{"line":153,"column":62}},"28":{"start":{"line":155,"column":8},"end":{"line":155,"column":62}},"29":{"start":{"line":156,"column":8},"end":{"line":156,"column":59}},"30":{"start":{"line":163,"column":8},"end":{"line":163,"column":43}},"31":{"start":{"line":164,"column":8},"end":{"line":164,"column":41}},"32":{"start":{"line":175,"column":8},"end":{"line":175,"column":39}},"33":{"start":{"line":176,"column":8},"end":{"line":176,"column":51}},"34":{"start":{"line":177,"column":8},"end":{"line":177,"column":50}},"35":{"start":{"line":191,"column":8},"end":{"line":191,"column":44}},"36":{"start":{"line":192,"column":8},"end":{"line":192,"column":34}},"37":{"start":{"line":193,"column":8},"end":{"line":193,"column":43}},"38":{"start":{"line":196,"column":8},"end":{"line":196,"column":110}},"39":{"start":{"line":198,"column":8},"end":{"line":198,"column":93}},"40":{"start":{"line":199,"column":8},"end":{"line":199,"column":55}},"41":{"start":{"line":201,"column":8},"end":{"line":201,"column":63}},"42":{"start":{"line":202,"column":8},"end":{"line":202,"column":43}},"43":{"start":{"line":221,"column":8},"end":{"line":221,"column":30}},"44":{"start":{"line":222,"column":8},"end":{"line":222,"column":40}},"45":{"start":{"line":224,"column":8},"end":{"line":224,"column":34}},"46":{"start":{"line":225,"column":8},"end":{"line":225,"column":54}},"47":{"start":{"line":227,"column":8},"end":{"line":227,"column":102}},"48":{"start":{"line":228,"column":8},"end":{"line":228,"column":85}},"49":{"start":{"line":229,"column":8},"end":{"line":229,"column":57}},"50":{"start":{"line":231,"column":8},"end":{"line":231,"column":41}},"51":{"start":{"line":238,"column":8},"end":{"line":238,"column":53}}},"branchMap":{"1":{"line":49,"type":"if","locations":[{"start":{"line":49,"column":8},"end":{"line":49,"column":8}},{"start":{"line":49,"column":8},"end":{"line":49,"column":8}}]},"2":{"line":54,"type":"if","locations":[{"start":{"line":54,"column":8},"end":{"line":54,"column":8}},{"start":{"line":54,"column":8},"end":{"line":54,"column":8}}]},"3":{"line":55,"type":"if","locations":[{"start":{"line":55,"column":8},"end":{"line":55,"column":8}},{"start":{"line":55,"column":8},"end":{"line":55,"column":8}}]},"4":{"line":58,"type":"if","locations":[{"start":{"line":58,"column":8},"end":{"line":58,"column":8}},{"start":{"line":58,"column":8},"end":{"line":58,"column":8}}]},"5":{"line":60,"type":"if","locations":[{"start":{"line":60,"column":8},"end":{"line":60,"column":8}},{"start":{"line":60,"column":8},"end":{"line":60,"column":8}}]},"6":{"line":61,"type":"if","locations":[{"start":{"line":61,"column":8},"end":{"line":61,"column":8}},{"start":{"line":61,"column":8},"end":{"line":61,"column":8}}]},"7":{"line":77,"type":"if","locations":[{"start":{"line":77,"column":8},"end":{"line":77,"column":8}},{"start":{"line":77,"column":8},"end":{"line":77,"column":8}}]},"8":{"line":105,"type":"if","locations":[{"start":{"line":105,"column":8},"end":{"line":105,"column":8}},{"start":{"line":105,"column":8},"end":{"line":105,"column":8}}]},"9":{"line":106,"type":"if","locations":[{"start":{"line":106,"column":8},"end":{"line":106,"column":8}},{"start":{"line":106,"column":8},"end":{"line":106,"column":8}}]},"10":{"line":110,"type":"if","locations":[{"start":{"line":110,"column":8},"end":{"line":110,"column":8}},{"start":{"line":110,"column":8},"end":{"line":110,"column":8}}]},"11":{"line":115,"type":"if","locations":[{"start":{"line":115,"column":8},"end":{"line":115,"column":8}},{"start":{"line":115,"column":8},"end":{"line":115,"column":8}}]},"12":{"line":116,"type":"if","locations":[{"start":{"line":116,"column":8},"end":{"line":116,"column":8}},{"start":{"line":116,"column":8},"end":{"line":116,"column":8}}]},"13":{"line":127,"type":"if","locations":[{"start":{"line":127,"column":14},"end":{"line":127,"column":22}},{"start":{"line":128,"column":14},"end":{"line":128,"column":55}}]},"14":{"line":133,"type":"if","locations":[{"start":{"line":133,"column":8},"end":{"line":133,"column":8}},{"start":{"line":133,"column":8},"end":{"line":133,"column":8}}]},"15":{"line":149,"type":"if","locations":[{"start":{"line":149,"column":8},"end":{"line":149,"column":8}},{"start":{"line":149,"column":8},"end":{"line":149,"column":8}}]},"16":{"line":150,"type":"if","locations":[{"start":{"line":150,"column":8},"end":{"line":150,"column":8}},{"start":{"line":150,"column":8},"end":{"line":150,"column":8}}]},"17":{"line":153,"type":"if","locations":[{"start":{"line":153,"column":8},"end":{"line":153,"column":8}},{"start":{"line":153,"column":8},"end":{"line":153,"column":8}}]},"18":{"line":156,"type":"if","locations":[{"start":{"line":156,"column":8},"end":{"line":156,"column":8}},{"start":{"line":156,"column":8},"end":{"line":156,"column":8}}]},"19":{"line":176,"type":"if","locations":[{"start":{"line":176,"column":8},"end":{"line":176,"column":8}},{"start":{"line":176,"column":8},"end":{"line":176,"column":8}}]},"20":{"line":191,"type":"if","locations":[{"start":{"line":191,"column":8},"end":{"line":191,"column":8}},{"start":{"line":191,"column":8},"end":{"line":191,"column":8}}]},"21":{"line":193,"type":"if","locations":[{"start":{"line":193,"column":8},"end":{"line":193,"column":8}},{"start":{"line":193,"column":8},"end":{"line":193,"column":8}}]},"22":{"line":199,"type":"if","locations":[{"start":{"line":199,"column":8},"end":{"line":199,"column":8}},{"start":{"line":199,"column":8},"end":{"line":199,"column":8}}]},"23":{"line":222,"type":"if","locations":[{"start":{"line":222,"column":8},"end":{"line":222,"column":8}},{"start":{"line":222,"column":8},"end":{"line":222,"column":8}}]},"24":{"line":225,"type":"if","locations":[{"start":{"line":225,"column":8},"end":{"line":225,"column":8}},{"start":{"line":225,"column":8},"end":{"line":225,"column":8}}]},"25":{"line":229,"type":"if","locations":[{"start":{"line":229,"column":8},"end":{"line":229,"column":8}},{"start":{"line":229,"column":8},"end":{"line":229,"column":8}}]}}},"contracts/interfaces/IERC20.sol":{"l":{},"path":"/Users/kuruckopc/Desktop/BlockChain/zadanie2/kody/contracts/interfaces/IERC20.sol","s":{},"b":{},"f":{},"fnMap":{},"statementMap":{},"branchMap":{}},"contracts/Lock.sol":{"l":{"14":4,"19":3,"20":3,"27":5,"28":4,"30":3,"32":3},"path":"/Users/kuruckopc/Desktop/BlockChain/zadanie2/kody/contracts/Lock.sol","s":{"1":4,"2":5,"3":4,"4":3,"5":3},"b":{"1":[3,1],"2":[4,1],"3":[3,1]},"f":{"1":4,"2":5},"fnMap":{"1":{"name":"constructor","line":13,"loc":{"start":{"line":13,"column":4},"end":{"line":21,"column":4}}},"2":{"name":"withdraw","line":23,"loc":{"start":{"line":23,"column":4},"end":{"line":33,"column":4}}}},"statementMap":{"1":{"start":{"line":14,"column":8},"end":{"line":14,"column":327}},"2":{"start":{"line":27,"column":8},"end":{"line":27,"column":71}},"3":{"start":{"line":28,"column":8},"end":{"line":28,"column":59}},"4":{"start":{"line":30,"column":8},"end":{"line":30,"column":63}},"5":{"start":{"line":32,"column":8},"end":{"line":32,"column":44}}},"branchMap":{"1":{"line":14,"type":"if","locations":[{"start":{"line":14,"column":8},"end":{"line":14,"column":8}},{"start":{"line":14,"column":8},"end":{"line":14,"column":8}}]},"2":{"line":27,"type":"if","locations":[{"start":{"line":27,"column":8},"end":{"line":27,"column":8}},{"start":{"line":27,"column":8},"end":{"line":27,"column":8}}]},"3":{"line":28,"type":"if","locations":[{"start":{"line":28,"column":8},"end":{"line":28,"column":8}},{"start":{"line":28,"column":8},"end":{"line":28,"column":8}}]}}},"contracts/token.sol":{"l":{"33":1,"34":1,"46":1},"path":"/Users/kuruckopc/Desktop/BlockChain/zadanie2/kody/contracts/token.sol","s":{"1":1,"2":1},"b":{"1":[1,0],"2":[1,0],"3":[1,0]},"f":{"1":3,"2":1,"3":1},"fnMap":{"1":{"name":"constructor","line":19,"loc":{"start":{"line":19,"column":4},"end":{"line":19,"column":41}}},"2":{"name":"mint","line":30,"loc":{"start":{"line":28,"column":4},"end":{"line":36,"column":4}}},"3":{"name":"disable_mint","line":43,"loc":{"start":{"line":41,"column":4},"end":{"line":47,"column":4}}}},"statementMap":{"1":{"start":{"line":33,"column":8},"end":{"line":33,"column":1299}},"2":{"start":{"line":34,"column":12},"end":{"line":34,"column":36}}},"branchMap":{"1":{"line":30,"type":"if","locations":[{"start":{"line":30,"column":8},"end":{"line":30,"column":8}},{"start":{"line":30,"column":8},"end":{"line":30,"column":8}}]},"2":{"line":33,"type":"if","locations":[{"start":{"line":33,"column":8},"end":{"line":33,"column":8}},{"start":{"line":33,"column":8},"end":{"line":33,"column":8}}]},"3":{"line":43,"type":"if","locations":[{"start":{"line":43,"column":8},"end":{"line":43,"column":8}},{"start":{"line":43,"column":8},"end":{"line":43,"column":8}}]}}}}