{
"contracts/exchange.sol":{"l":{"39":2,"54":11,"55":10,"58":10,"59":10,"60":10,"61":10,"63":10,"64":10,"65":10,"66":10,"70":10,"71":10,"77":0,"78":0,"79":0,"84":2,"106":5,"107":4,"110":2,"111":2,"114":1,"117":1,"118":1,"121":1,"124":1,"125":1,"126":1,"129":1,"132":1,"133":1,"136":1,"137":1,"139":1,"152":2,"153":1,"155":1,"156":1,"158":1,"159":1,"162":1,"163":1,"164":1,"165":1,"168":1,"169":1,"180":2,"181":2,"182":0,"196":3,"197":2,"198":2,"201":1,"204":1,"205":1,"208":1,"209":1,"212":1,"213":1,"230":5,"231":5,"233":4,"234":3,"237":2,"239":2,"240":2,"242":2,"245":2,"246":2,"250":9},"path":"/Users/kuruckopc/Desktop/BlockChain/zadanie2/kody/contracts/exchange.sol","s":{"1":2,"2":11,"3":10,"4":10,"5":10,"6":10,"7":10,"8":10,"9":10,"10":0,"11":0,"12":2,"13":5,"14":4,"15":2,"16":2,"17":1,"18":1,"19":1,"20":1,"21":1,"22":1,"23":1,"24":2,"25":1,"26":1,"27":1,"28":1,"29":1,"30":1,"31":1,"32":2,"33":2,"34":0,"35":3,"36":2,"37":2,"38":1,"39":1,"40":1,"41":1,"42":1,"43":5,"44":5,"45":4,"46":3,"47":2,"48":2,"49":2,"50":2,"51":9},"b":{"1":[11,1],"2":[10,1],"3":[10,0],"4":[10,0],"5":[10,0],"6":[10,0],"7":[0,0],"8":[4,1],"9":[2,2],"10":[1,1],"11":[1,0],"12":[1,0],"13":[1,0],"14":[1,0],"15":[1,1],"16":[1,0],"17":[1,0],"18":[1,0],"19":[0,2],"20":[2,1],"21":[1,1],"22":[1,0],"23":[4,1],"24":[2,1],"25":[2,0]},"f":{"1":33,"2":2,"3":11,"4":0,"5":2,"6":5,"7":2,"8":2,"9":3,"10":5,"11":9},"fnMap":{"1":{"name":"constructor","line":36,"loc":{"start":{"line":36,"column":4},"end":{"line":36,"column":57}}},"2":{"name":"lpOf","line":38,"loc":{"start":{"line":38,"column":4},"end":{"line":40,"column":4}}},"3":{"name":"createPool","line":49,"loc":{"start":{"line":46,"column":4},"end":{"line":72,"column":4}}},"4":{"name":"removeLP","line":76,"loc":{"start":{"line":76,"column":4},"end":{"line":80,"column":4}}},"5":{"name":"getSwapFee","line":83,"loc":{"start":{"line":83,"column":4},"end":{"line":85,"column":4}}},"6":{"name":"addLiquidity","line":101,"loc":{"start":{"line":101,"column":4},"end":{"line":141,"column":4}}},"7":{"name":"removeLiquidity","line":146,"loc":{"start":{"line":146,"column":4},"end":{"line":171,"column":4}}},"8":{"name":"removeAllLiquidity","line":175,"loc":{"start":{"line":175,"column":4},"end":{"line":183,"column":4}}},"9":{"name":"swapTokensForETH","line":191,"loc":{"start":{"line":191,"column":4},"end":{"line":217,"column":4}}},"10":{"name":"swapETHForTokens","line":224,"loc":{"start":{"line":224,"column":4},"end":{"line":247,"column":4}}},"11":{"name":"_currentRate","line":249,"loc":{"start":{"line":249,"column":4},"end":{"line":251,"column":4}}}},"statementMap":{"1":{"start":{"line":39,"column":8},"end":{"line":39,"column":23}},"2":{"start":{"line":54,"column":8},"end":{"line":54,"column":64}},"3":{"start":{"line":55,"column":8},"end":{"line":55,"column":61}},"4":{"start":{"line":58,"column":8},"end":{"line":58,"column":58}},"5":{"start":{"line":59,"column":8},"end":{"line":59,"column":54}},"6":{"start":{"line":60,"column":8},"end":{"line":60,"column":88}},"7":{"start":{"line":61,"column":8},"end":{"line":61,"column":64}},"8":{"start":{"line":63,"column":8},"end":{"line":63,"column":66}},"9":{"start":{"line":71,"column":8},"end":{"line":71,"column":36}},"10":{"start":{"line":77,"column":8},"end":{"line":77,"column":95}},"11":{"start":{"line":79,"column":8},"end":{"line":79,"column":25}},"12":{"start":{"line":84,"column":8},"end":{"line":84,"column":57}},"13":{"start":{"line":106,"column":8},"end":{"line":106,"column":44}},"14":{"start":{"line":107,"column":8},"end":{"line":107,"column":81}},"15":{"start":{"line":110,"column":8},"end":{"line":110,"column":34}},"16":{"start":{"line":111,"column":8},"end":{"line":111,"column":82}},"17":{"start":{"line":114,"column":8},"end":{"line":114,"column":71}},"18":{"start":{"line":117,"column":8},"end":{"line":117,"column":98}},"19":{"start":{"line":118,"column":8},"end":{"line":118,"column":80}},"20":{"start":{"line":121,"column":8},"end":{"line":121,"column":66}},"21":{"start":{"line":129,"column":8},"end":{"line":129,"column":5812}},"22":{"start":{"line":136,"column":8},"end":{"line":136,"column":6086}},"23":{"start":{"line":137,"column":12},"end":{"line":137,"column":40}},"24":{"start":{"line":152,"column":8},"end":{"line":152,"column":58}},"25":{"start":{"line":153,"column":8},"end":{"line":153,"column":55}},"26":{"start":{"line":155,"column":8},"end":{"line":155,"column":34}},"27":{"start":{"line":156,"column":8},"end":{"line":156,"column":62}},"28":{"start":{"line":158,"column":8},"end":{"line":158,"column":62}},"29":{"start":{"line":159,"column":8},"end":{"line":159,"column":59}},"30":{"start":{"line":168,"column":8},"end":{"line":168,"column":43}},"31":{"start":{"line":169,"column":8},"end":{"line":169,"column":41}},"32":{"start":{"line":180,"column":8},"end":{"line":180,"column":39}},"33":{"start":{"line":181,"column":8},"end":{"line":181,"column":51}},"34":{"start":{"line":182,"column":8},"end":{"line":182,"column":50}},"35":{"start":{"line":196,"column":8},"end":{"line":196,"column":44}},"36":{"start":{"line":197,"column":8},"end":{"line":197,"column":34}},"37":{"start":{"line":198,"column":8},"end":{"line":198,"column":43}},"38":{"start":{"line":201,"column":8},"end":{"line":201,"column":110}},"39":{"start":{"line":204,"column":8},"end":{"line":204,"column":93}},"40":{"start":{"line":205,"column":8},"end":{"line":205,"column":55}},"41":{"start":{"line":208,"column":8},"end":{"line":208,"column":63}},"42":{"start":{"line":209,"column":8},"end":{"line":209,"column":43}},"43":{"start":{"line":230,"column":8},"end":{"line":230,"column":30}},"44":{"start":{"line":231,"column":8},"end":{"line":231,"column":40}},"45":{"start":{"line":233,"column":8},"end":{"line":233,"column":34}},"46":{"start":{"line":234,"column":8},"end":{"line":234,"column":54}},"47":{"start":{"line":237,"column":8},"end":{"line":237,"column":102}},"48":{"start":{"line":239,"column":8},"end":{"line":239,"column":85}},"49":{"start":{"line":240,"column":8},"end":{"line":240,"column":57}},"50":{"start":{"line":242,"column":8},"end":{"line":242,"column":41}},"51":{"start":{"line":250,"column":8},"end":{"line":250,"column":53}}},"branchMap":{"1":{"line":49,"type":"if","locations":[{"start":{"line":49,"column":8},"end":{"line":49,"column":8}},{"start":{"line":49,"column":8},"end":{"line":49,"column":8}}]},"2":{"line":54,"type":"if","locations":[{"start":{"line":54,"column":8},"end":{"line":54,"column":8}},{"start":{"line":54,"column":8},"end":{"line":54,"column":8}}]},"3":{"line":55,"type":"if","locations":[{"start":{"line":55,"column":8},"end":{"line":55,"column":8}},{"start":{"line":55,"column":8},"end":{"line":55,"column":8}}]},"4":{"line":58,"type":"if","locations":[{"start":{"line":58,"column":8},"end":{"line":58,"column":8}},{"start":{"line":58,"column":8},"end":{"line":58,"column":8}}]},"5":{"line":60,"type":"if","locations":[{"start":{"line":60,"column":8},"end":{"line":60,"column":8}},{"start":{"line":60,"column":8},"end":{"line":60,"column":8}}]},"6":{"line":61,"type":"if","locations":[{"start":{"line":61,"column":8},"end":{"line":61,"column":8}},{"start":{"line":61,"column":8},"end":{"line":61,"column":8}}]},"7":{"line":77,"type":"if","locations":[{"start":{"line":77,"column":8},"end":{"line":77,"column":8}},{"start":{"line":77,"column":8},"end":{"line":77,"column":8}}]},"8":{"line":106,"type":"if","locations":[{"start":{"line":106,"column":8},"end":{"line":106,"column":8}},{"start":{"line":106,"column":8},"end":{"line":106,"column":8}}]},"9":{"line":107,"type":"if","locations":[{"start":{"line":107,"column":8},"end":{"line":107,"column":8}},{"start":{"line":107,"column":8},"end":{"line":107,"column":8}}]},"10":{"line":111,"type":"if","locations":[{"start":{"line":111,"column":8},"end":{"line":111,"column":8}},{"start":{"line":111,"column":8},"end":{"line":111,"column":8}}]},"11":{"line":117,"type":"if","locations":[{"start":{"line":117,"column":8},"end":{"line":117,"column":8}},{"start":{"line":117,"column":8},"end":{"line":117,"column":8}}]},"12":{"line":118,"type":"if","locations":[{"start":{"line":118,"column":8},"end":{"line":118,"column":8}},{"start":{"line":118,"column":8},"end":{"line":118,"column":8}}]},"13":{"line":130,"type":"if","locations":[{"start":{"line":130,"column":14},"end":{"line":130,"column":22}},{"start":{"line":131,"column":14},"end":{"line":131,"column":55}}]},"14":{"line":136,"type":"if","locations":[{"start":{"line":136,"column":8},"end":{"line":136,"column":8}},{"start":{"line":136,"column":8},"end":{"line":136,"column":8}}]},"15":{"line":152,"type":"if","locations":[{"start":{"line":152,"column":8},"end":{"line":152,"column":8}},{"start":{"line":152,"column":8},"end":{"line":152,"column":8}}]},"16":{"line":153,"type":"if","locations":[{"start":{"line":153,"column":8},"end":{"line":153,"column":8}},{"start":{"line":153,"column":8},"end":{"line":153,"column":8}}]},"17":{"line":156,"type":"if","locations":[{"start":{"line":156,"column":8},"end":{"line":156,"column":8}},{"start":{"line":156,"column":8},"end":{"line":156,"column":8}}]},"18":{"line":159,"type":"if","locations":[{"start":{"line":159,"column":8},"end":{"line":159,"column":8}},{"start":{"line":159,"column":8},"end":{"line":159,"column":8}}]},"19":{"line":181,"type":"if","locations":[{"start":{"line":181,"column":8},"end":{"line":181,"column":8}},{"start":{"line":181,"column":8},"end":{"line":181,"column":8}}]},"20":{"line":196,"type":"if","locations":[{"start":{"line":196,"column":8},"end":{"line":196,"column":8}},{"start":{"line":196,"column":8},"end":{"line":196,"column":8}}]},"21":{"line":198,"type":"if","locations":[{"start":{"line":198,"column":8},"end":{"line":198,"column":8}},{"start":{"line":198,"column":8},"end":{"line":198,"column":8}}]},"22":{"line":205,"type":"if","locations":[{"start":{"line":205,"column":8},"end":{"line":205,"column":8}},{"start":{"line":205,"column":8},"end":{"line":205,"column":8}}]},"23":{"line":231,"type":"if","locations":[{"start":{"line":231,"column":8},"end":{"line":231,"column":8}},{"start":{"line":231,"column":8},"end":{"line":231,"column":8}}]},"24":{"line":234,"type":"if","locations":[{"start":{"line":234,"column":8},"end":{"line":234,"column":8}},{"start":{"line":234,"column":8},"end":{"line":234,"column":8}}]},"25":{"line":240,"type":"if","locations":[{"start":{"line":240,"column":8},"end":{"line":240,"column":8}},{"start":{"line":240,"column":8},"end":{"line":240,"column":8}}]}}},
"contracts/interfaces/IERC20.sol":{"l":{},"path":"/Users/kuruckopc/Desktop/BlockChain/zadanie2/kody/contracts/interfaces/IERC20.sol","s":{},"b":{},"f":{},"fnMap":{},"statementMap":{},"branchMap":{}},
"contracts/Lock.sol":{"l":{"14":4,"19":3,"20":3,"27":5,"28":4,"30":3,"32":3},"path":"/Users/kuruckopc/Desktop/BlockChain/zadanie2/kody/contracts/Lock.sol","s":{"1":4,"2":5,"3":4,"4":3,"5":3},"b":{"1":[3,1],"2":[4,1],"3":[3,1]},"f":{"1":4,"2":5},"fnMap":{"1":{"name":"constructor","line":13,"loc":{"start":{"line":13,"column":4},"end":{"line":21,"column":4}}},"2":{"name":"withdraw","line":23,"loc":{"start":{"line":23,"column":4},"end":{"line":33,"column":4}}}},"statementMap":{"1":{"start":{"line":14,"column":8},"end":{"line":14,"column":327}},"2":{"start":{"line":27,"column":8},"end":{"line":27,"column":71}},"3":{"start":{"line":28,"column":8},"end":{"line":28,"column":59}},"4":{"start":{"line":30,"column":8},"end":{"line":30,"column":63}},"5":{"start":{"line":32,"column":8},"end":{"line":32,"column":44}}},"branchMap":{"1":{"line":14,"type":"if","locations":[{"start":{"line":14,"column":8},"end":{"line":14,"column":8}},{"start":{"line":14,"column":8},"end":{"line":14,"column":8}}]},"2":{"line":27,"type":"if","locations":[{"start":{"line":27,"column":8},"end":{"line":27,"column":8}},{"start":{"line":27,"column":8},"end":{"line":27,"column":8}}]},"3":{"line":28,"type":"if","locations":[{"start":{"line":28,"column":8},"end":{"line":28,"column":8}},{"start":{"line":28,"column":8},"end":{"line":28,"column":8}}]}}},
"contracts/token.sol":{"l":{"34":11,"35":10,"47":12},"path":"/Users/kuruckopc/Desktop/BlockChain/zadanie2/kody/contracts/token.sol","s":{"1":11,"2":10},"b":{"1":[11,0],"2":[10,1],"3":[12,0]},"f":{"1":30,"2":11,"3":12},"fnMap":{"1":{"name":"constructor","line":20,"loc":{"start":{"line":20,"column":4},"end":{"line":20,"column":41}}},"2":{"name":"mint","line":31,"loc":{"start":{"line":29,"column":4},"end":{"line":37,"column":4}}},"3":{"name":"disable_mint","line":44,"loc":{"start":{"line":42,"column":4},"end":{"line":48,"column":4}}}},"statementMap":{"1":{"start":{"line":34,"column":8},"end":{"line":34,"column":1382}},"2":{"start":{"line":35,"column":12},"end":{"line":35,"column":36}}},"branchMap":{"1":{"line":31,"type":"if","locations":[{"start":{"line":31,"column":8},"end":{"line":31,"column":8}},{"start":{"line":31,"column":8},"end":{"line":31,"column":8}}]},"2":{"line":34,"type":"if","locations":[{"start":{"line":34,"column":8},"end":{"line":34,"column":8}},{"start":{"line":34,"column":8},"end":{"line":34,"column":8}}]},"3":{"line":44,"type":"if","locations":[{"start":{"line":44,"column":8},"end":{"line":44,"column":8}},{"start":{"line":44,"column":8},"end":{"line":44,"column":8}}]}}}}
