TN:
SF:/Users/kuruckopc/Desktop/BlockChain/zadanie2/kody/contracts/exchange.sol
FN:36,constructor
FN:38,lpOf
FN:49,createPool
FN:76,removeLP
FN:83,getSwapFee
FN:101,addLiquidity
FN:146,removeLiquidity
FN:175,removeAllLiquidity
FN:191,swapTokensForETH
FN:224,swapETHForTokens
FN:249,_currentRate
FNF:11
FNH:10
FNDA:33,constructor
FNDA:2,lpOf
FNDA:11,createPool
FNDA:0,removeLP
FNDA:2,getSwapFee
FNDA:5,addLiquidity
FNDA:2,removeLiquidity
FNDA:2,removeAllLiquidity
FNDA:3,swapTokensForETH
FNDA:5,swapETHForTokens
FNDA:9,_currentRate
DA:39,2
DA:54,11
DA:55,10
DA:58,10
DA:59,10
DA:60,10
DA:61,10
DA:63,10
DA:64,10
DA:65,10
DA:66,10
DA:70,10
DA:71,10
DA:77,0
DA:78,0
DA:79,0
DA:84,2
DA:106,5
DA:107,4
DA:110,2
DA:111,2
DA:114,1
DA:117,1
DA:118,1
DA:121,1
DA:124,1
DA:125,1
DA:126,1
DA:129,1
DA:132,1
DA:133,1
DA:136,1
DA:137,1
DA:139,1
DA:152,2
DA:153,1
DA:155,1
DA:156,1
DA:158,1
DA:159,1
DA:162,1
DA:163,1
DA:164,1
DA:165,1
DA:168,1
DA:169,1
DA:180,2
DA:181,2
DA:182,0
DA:196,3
DA:197,2
DA:198,2
DA:201,1
DA:204,1
DA:205,1
DA:208,1
DA:209,1
DA:212,1
DA:213,1
DA:230,5
DA:231,5
DA:233,4
DA:234,3
DA:237,2
DA:239,2
DA:240,2
DA:242,2
DA:245,2
DA:246,2
DA:250,9
LF:70
LH:66
BRDA:49,1,0,11
BRDA:49,1,1,1
BRDA:54,2,0,10
BRDA:54,2,1,1
BRDA:55,3,0,10
BRDA:55,3,1,0
BRDA:58,4,0,10
BRDA:58,4,1,0
BRDA:60,5,0,10
BRDA:60,5,1,0
BRDA:61,6,0,10
BRDA:61,6,1,0
BRDA:77,7,0,0
BRDA:77,7,1,0
BRDA:106,8,0,4
BRDA:106,8,1,1
BRDA:107,9,0,2
BRDA:107,9,1,2
BRDA:111,10,0,1
BRDA:111,10,1,1
BRDA:117,11,0,1
BRDA:117,11,1,0
BRDA:118,12,0,1
BRDA:118,12,1,0
BRDA:130,13,0,1
BRDA:130,13,1,0
BRDA:136,14,0,1
BRDA:136,14,1,0
BRDA:152,15,0,1
BRDA:152,15,1,1
BRDA:153,16,0,1
BRDA:153,16,1,0
BRDA:156,17,0,1
BRDA:156,17,1,0
BRDA:159,18,0,1
BRDA:159,18,1,0
BRDA:181,19,0,0
BRDA:181,19,1,2
BRDA:196,20,0,2
BRDA:196,20,1,1
BRDA:198,21,0,1
BRDA:198,21,1,1
BRDA:205,22,0,1
BRDA:205,22,1,0
BRDA:231,23,0,4
BRDA:231,23,1,1
BRDA:234,24,0,2
BRDA:234,24,1,1
BRDA:240,25,0,2
BRDA:240,25,1,0
BRF:50
BRH:34
end_of_record
TN:
SF:/Users/kuruckopc/Desktop/BlockChain/zadanie2/kody/contracts/interfaces/IERC20.sol
FNF:0
FNH:0
LF:0
LH:0
BRF:0
BRH:0
end_of_record
TN:
SF:/Users/kuruckopc/Desktop/BlockChain/zadanie2/kody/contracts/Lock.sol
FN:13,constructor
FN:23,withdraw
FNF:2
FNH:2
FNDA:4,constructor
FNDA:5,withdraw
DA:14,4
DA:19,3
DA:20,3
DA:27,5
DA:28,4
DA:30,3
DA:32,3
LF:7
LH:7
BRDA:14,1,0,3
BRDA:14,1,1,1
BRDA:27,2,0,4
BRDA:27,2,1,1
BRDA:28,3,0,3
BRDA:28,3,1,1
BRF:6
BRH:6
end_of_record
TN:
SF:/Users/kuruckopc/Desktop/BlockChain/zadanie2/kody/contracts/token.sol
FN:20,constructor
FN:31,mint
FN:44,disable_mint
FNF:3
FNH:3
FNDA:30,constructor
FNDA:11,mint
FNDA:12,disable_mint
DA:34,11
DA:35,10
DA:47,12
LF:3
LH:3
BRDA:31,1,0,11
BRDA:31,1,1,0
BRDA:34,2,0,10
BRDA:34,2,1,1
BRDA:44,3,0,12
BRDA:44,3,1,0
BRF:6
BRH:4
end_of_record
