TN:
SF:/Users/kuruckopc/Desktop/BlockChain/zadanie2/kody/contracts/exchange.sol
FN:36,constructor
FN:38,lpOf
FN:49,createPool
FN:76,removeLP
FN:83,getSwapFee
FN:100,addLiquidity
FN:143,removeLiquidity
FN:170,removeAllLiquidity
FN:186,swapTokensForETH
FN:216,swapETHForTokens
FN:237,_currentRate
FNF:11
FNH:8
FNDA:3,constructor
FNDA:2,lpOf
FNDA:1,createPool
FNDA:0,removeLP
FNDA:0,getSwapFee
FNDA:1,addLiquidity
FNDA:1,removeLiquidity
FNDA:1,removeAllLiquidity
FNDA:0,swapTokensForETH
FNDA:1,swapETHForTokens
FNDA:3,_currentRate
DA:39,2
DA:54,1
DA:55,1
DA:58,1
DA:59,1
DA:60,1
DA:61,1
DA:63,1
DA:64,1
DA:65,1
DA:66,1
DA:70,1
DA:71,1
DA:77,0
DA:78,0
DA:79,0
DA:84,0
DA:105,1
DA:106,1
DA:109,1
DA:110,1
DA:113,1
DA:115,1
DA:116,1
DA:118,1
DA:121,1
DA:122,1
DA:123,1
DA:126,1
DA:129,1
DA:130,1
DA:133,1
DA:134,1
DA:136,1
DA:149,1
DA:150,1
DA:152,1
DA:153,1
DA:155,1
DA:156,1
DA:158,1
DA:159,1
DA:160,1
DA:161,1
DA:163,1
DA:164,1
DA:175,1
DA:176,1
DA:177,0
DA:191,0
DA:192,0
DA:193,0
DA:196,0
DA:198,0
DA:199,0
DA:201,0
DA:202,0
DA:204,0
DA:205,0
DA:221,1
DA:222,1
DA:224,1
DA:225,1
DA:227,1
DA:228,1
DA:229,1
DA:231,1
DA:233,1
DA:234,1
DA:238,3
LF:70
LH:55
BRDA:49,1,0,1
BRDA:49,1,1,0
BRDA:54,2,0,1
BRDA:54,2,1,0
BRDA:55,3,0,1
BRDA:55,3,1,0
BRDA:58,4,0,1
BRDA:58,4,1,0
BRDA:60,5,0,1
BRDA:60,5,1,0
BRDA:61,6,0,1
BRDA:61,6,1,0
BRDA:77,7,0,0
BRDA:77,7,1,0
BRDA:105,8,0,1
BRDA:105,8,1,0
BRDA:106,9,0,1
BRDA:106,9,1,0
BRDA:110,10,0,1
BRDA:110,10,1,0
BRDA:115,11,0,1
BRDA:115,11,1,0
BRDA:116,12,0,1
BRDA:116,12,1,0
BRDA:127,13,0,1
BRDA:127,13,1,0
BRDA:133,14,0,1
BRDA:133,14,1,0
BRDA:149,15,0,1
BRDA:149,15,1,0
BRDA:150,16,0,1
BRDA:150,16,1,0
BRDA:153,17,0,1
BRDA:153,17,1,0
BRDA:156,18,0,1
BRDA:156,18,1,0
BRDA:176,19,0,0
BRDA:176,19,1,1
BRDA:191,20,0,0
BRDA:191,20,1,0
BRDA:193,21,0,0
BRDA:193,21,1,0
BRDA:199,22,0,0
BRDA:199,22,1,0
BRDA:222,23,0,1
BRDA:222,23,1,0
BRDA:225,24,0,1
BRDA:225,24,1,0
BRDA:229,25,0,1
BRDA:229,25,1,0
BRF:50
BRH:21
end_of_record
TN:
SF:/Users/kuruckopc/Desktop/BlockChain/zadanie2/kody/contracts/interfaces/IERC20.sol
FNF:0
FNH:0
LF:0
LH:0
BRF:0
BRH:0
end_of_record
TN:
SF:/Users/kuruckopc/Desktop/BlockChain/zadanie2/kody/contracts/Lock.sol
FN:13,constructor
FN:23,withdraw
FNF:2
FNH:2
FNDA:4,constructor
FNDA:5,withdraw
DA:14,4
DA:19,3
DA:20,3
DA:27,5
DA:28,4
DA:30,3
DA:32,3
LF:7
LH:7
BRDA:14,1,0,3
BRDA:14,1,1,1
BRDA:27,2,0,4
BRDA:27,2,1,1
BRDA:28,3,0,3
BRDA:28,3,1,1
BRF:6
BRH:6
end_of_record
TN:
SF:/Users/kuruckopc/Desktop/BlockChain/zadanie2/kody/contracts/token.sol
FN:19,constructor
FN:30,mint
FN:43,disable_mint
FNF:3
FNH:3
FNDA:3,constructor
FNDA:1,mint
FNDA:1,disable_mint
DA:33,1
DA:34,1
DA:46,1
LF:3
LH:3
BRDA:30,1,0,1
BRDA:30,1,1,0
BRDA:33,2,0,1
BRDA:33,2,1,0
BRDA:43,3,0,1
BRDA:43,3,1,0
BRF:6
BRH:3
end_of_record
